(60000, 1) (10000, 1)
(60000, 784) (10000, 784)
cost: 7194795.1015
iteration: 1
cost: 7682644.82509
iteration: 2
cost: 7899614.97522
iteration: 3
cost: 8003053.84429
iteration: 4
cost: 8059365.71921
iteration: 5
cost: 8094524.0267
iteration: 6
cost: 8118185.15026
iteration: 7
cost: 8134564.52453
iteration: 8
cost: 8146297.92334
iteration: 9
cost: 8154853.82548
iteration: 10
cost: 8161427.56617
iteration: 11
cost: 8168483.12175
iteration: 12
cost: 8173620.45275
iteration: 13
cost: 8173629.56731
iteration: 14
cost: 8173847.73496
iteration: 15
cost: 8177697.34805
iteration: 16
cost: 8181390.59113
iteration: 17
cost: 8184299.01683
iteration: 18
cost: 8186872.52956
iteration: 19
cost: 8187676.61942
iteration: 20
cost: 8187256.26825
iteration: 21
cost: 8187093.11885
iteration: 22
cost: 8187747.00258
iteration: 23
cost: 8187831.93143
iteration: 24
cost: 8189691.651
iteration: 25
cost: 8189454.80243
iteration: 26
cost: 8189554.80821
iteration: 27
cost: 8190520.26693
iteration: 28
cost: 8191511.85106
iteration: 29
cost: 8190552.31101
iteration: 30
cost: 8191774.62591
iteration: 31
cost: 8193322.41598
iteration: 32
cost: 8194266.83703
iteration: 33
cost: 8194940.27394
iteration: 34
cost: 8194903.18511
iteration: 35
cost: 8195650.89232
iteration: 36
cost: 8196565.51832
iteration: 37
cost: 8196045.19531
iteration: 38
cost: 8196090.09114
iteration: 39
cost: 8196351.7811
iteration: 40
cost: 8195747.96437
iteration: 41
cost: 8195201.84959
iteration: 42
cost: 8195779.41215
iteration: 43
cost: 8195219.76994
iteration: 44
cost: 8195455.11857
iteration: 45
cost: 8196045.73316
iteration: 46
cost: 8194977.01408
iteration: 47
cost: 8193947.03822
iteration: 48
cost: 8193930.59081
iteration: 49
cost: 8193228.6383
iteration: 50
cost: 8193627.69262
iteration: 51
cost: 8192998.61146
iteration: 52
cost: 8192509.38752
iteration: 53
cost: 8191752.26293
iteration: 54
cost: 8190654.3082
iteration: 55
cost: 8189562.88305
iteration: 56
cost: 8188850.4143
iteration: 57
cost: 8189054.25817
iteration: 58
cost: 8189717.99155
iteration: 59
cost: 8190327.35524
iteration: 60
cost: 8189119.05542
iteration: 61
cost: 8187260.0577
iteration: 62
cost: 8186093.19316
iteration: 63
cost: 8185354.39267
iteration: 64
cost: 8185379.75829
iteration: 65
cost: 8186552.17044
iteration: 66
cost: 8187498.33177
iteration: 67
cost: 8189570.87526
iteration: 68
cost: 8192453.67653
iteration: 69
cost: 8193829.53128
iteration: 70
cost: 8193016.05944
iteration: 71
cost: 8193642.42924
iteration: 72
cost: 8194889.60351
iteration: 73
cost: 8196762.89994
iteration: 74
cost: 8199389.10075
iteration: 75
cost: 8199797.6102
iteration: 76
cost: 8200009.24131
iteration: 77
cost: 8198914.8862
iteration: 78
cost: 8198134.64322
iteration: 79
cost: 8196368.08275
iteration: 80
cost: 8195254.04989
iteration: 81
cost: 8193938.35155
iteration: 82
cost: 8194143.90513
iteration: 83
cost: 8194203.34418
iteration: 84
cost: 8193390.10934
iteration: 85
cost: 8192374.92408
iteration: 86
cost: 8189569.5285
iteration: 87
cost: 8188422.9697
iteration: 88
cost: 8189502.59323
iteration: 89
cost: 8190030.02633
iteration: 90
cost: 8190747.81798
iteration: 91
cost: 8191589.5288
iteration: 92
cost: 8193765.69053
iteration: 93
cost: 8195112.29718
iteration: 94
cost: 8195615.28488
iteration: 95
cost: 8194856.18551
iteration: 96
cost: 8194920.84323
iteration: 97
cost: 8194454.03647
iteration: 98
cost: 8194548.79636
iteration: 99
cost: 8194895.02048
iteration: 100
cost: 8195076.43879
iteration: 101
cost: 8194052.19214
iteration: 102
cost: 8195273.26549
iteration: 103
cost: 8190406.54325
iteration: 104
cost: 8189251.24884
iteration: 105
cost: 8188706.92344
iteration: 106
cost: 8188834.28475
iteration: 107
cost: 8190908.45171
iteration: 108
cost: 8191990.8375
iteration: 109
cost: 8190688.92246
iteration: 110
cost: 8189905.07969
iteration: 111
cost: 8188512.70153
iteration: 112
cost: 8189365.01053
iteration: 113
cost: 8189414.45004
iteration: 114
cost: 8189959.97949
iteration: 115
cost: 8190820.48239
iteration: 116
cost: 8191395.19143
iteration: 117
cost: 8191415.32834
iteration: 118
cost: 8191952.58267
iteration: 119
cost: 8192509.57293
iteration: 120
cost: 8191990.85302
iteration: 121
cost: 8190912.4684
iteration: 122
cost: 8190002.86423
iteration: 123
cost: 8189487.18437
iteration: 124
cost: 8189192.39198
iteration: 125
cost: 8189246.71433
iteration: 126
cost: 8189701.4968
iteration: 127
cost: 8189588.64939
iteration: 128
cost: 8191111.86635
iteration: 129
cost: 8193458.8191
iteration: 130
cost: 8191627.49127
iteration: 131
cost: 8190090.21005
iteration: 132
cost: 8188509.3788
iteration: 133
cost: 8188858.07724
iteration: 134
cost: 8189628.49924
iteration: 135
cost: 8188802.74698
iteration: 136
cost: 8187654.70187
iteration: 137
cost: 8189289.72874
iteration: 138
cost: 8191354.9035
iteration: 139
cost: 8192756.41611
iteration: 140
cost: 8193700.67795
iteration: 141
cost: 8192563.67267
iteration: 142
cost: 8192374.449
iteration: 143
cost: 8191100.01976
iteration: 144
cost: 8190193.33241
iteration: 145
cost: 8191433.98338
iteration: 146
cost: 8193346.4992
iteration: 147
cost: 8194743.36477
iteration: 148
cost: 8195706.49745
iteration: 149
cost: 8195734.87324
iteration: 150
cost: 8195469.66244
iteration: 151
cost: 8195664.67316
iteration: 152
cost: 8196884.18537
iteration: 153
cost: 8196762.9344
iteration: 154
cost: 8197132.08374
iteration: 155
cost: 8198421.27039
iteration: 156
cost: 8198563.24049
iteration: 157
cost: 8198705.03083
iteration: 158
cost: 8198499.23369
iteration: 159
cost: 8198512.89362
iteration: 160
cost: 8196982.12171
iteration: 161
cost: 8195721.22799
iteration: 162
cost: 8194053.82412
iteration: 163
cost: 8192645.35094
iteration: 164
cost: 8192632.81716
iteration: 165
cost: 8193233.07234
iteration: 166
cost: 8194187.15973
iteration: 167
cost: 8194633.47298
iteration: 168
cost: 8195039.57736
iteration: 169
cost: 8196346.7269
iteration: 170
cost: 8196082.18968
iteration: 171
cost: 8196266.04291
iteration: 172
cost: 8194549.91469
iteration: 173
cost: 8194331.95155
iteration: 174
cost: 8193906.26271
iteration: 175
cost: 8194042.02066
iteration: 176
cost: 8196489.4076
iteration: 177
cost: 8197578.87667
iteration: 178
cost: 8197574.79037
iteration: 179
cost: 8198766.78614
iteration: 180
cost: 8197100.90433
iteration: 181
cost: 8197147.63686
iteration: 182
cost: 8196911.86318
iteration: 183
cost: 8196349.2866
iteration: 184
cost: 8196420.95792
iteration: 185
cost: 8195909.79965
iteration: 186
cost: 8196660.91893
iteration: 187
cost: 8196586.18185
iteration: 188
cost: 8196877.0779
iteration: 189
cost: 8196689.35455
iteration: 190
cost: 8196595.48332
iteration: 191
cost: 8197395.04463
iteration: 192
cost: 8197732.61976
iteration: 193
cost: 8195840.61517
iteration: 194
cost: 8194411.67613
iteration: 195
cost: 8192911.76365
iteration: 196
cost: 8191008.46647
iteration: 197
cost: 8189881.13758
iteration: 198
cost: 8189017.59419
iteration: 199
cost: 8189544.52285
iteration: 200
cost: 8190123.1523
iteration: 201
cost: 8191067.73589
iteration: 202
cost: 8191105.00377
iteration: 203
cost: 8192051.10715
iteration: 204
cost: 8192161.96009
iteration: 205
cost: 8191857.17818
iteration: 206
cost: 8191935.41913
iteration: 207
cost: 8190477.77985
iteration: 208
cost: 8191155.7876
iteration: 209
cost: 8191061.16508
iteration: 210
cost: 8190632.4969
iteration: 211
cost: 8192132.95003
iteration: 212
cost: 8192753.4876
iteration: 213
cost: 8193659.13658
iteration: 214
cost: 8193972.56
iteration: 215
cost: 8193527.46308
iteration: 216
cost: 8193960.1088
iteration: 217
cost: 8194703.93189
iteration: 218
cost: 8195106.52017
iteration: 219
cost: 8192954.8709
iteration: 220
cost: 8190458.69893
iteration: 221
cost: 8191756.61492
iteration: 222
cost: 8193367.65481
iteration: 223
cost: 8193565.14198
iteration: 224
cost: 8193906.7818
iteration: 225
cost: 8193810.16455
iteration: 226
cost: 8193941.19979
iteration: 227
cost: 8191826.33853
iteration: 228
cost: 8189966.64454
iteration: 229
cost: 8189505.38235
iteration: 230
cost: 8189257.67804
iteration: 231
cost: 8187827.9587
iteration: 232
cost: 8188184.55879
iteration: 233
cost: 8188427.18117
iteration: 234
cost: 8188583.25745
iteration: 235
cost: 8189669.68078
iteration: 236
cost: 8191037.91386
iteration: 237
cost: 8192654.44304
iteration: 238
cost: 8193692.37996
iteration: 239
cost: 8193701.87171
iteration: 240
cost: 8193492.33365
iteration: 241
cost: 8192644.65719
iteration: 242
cost: 8192063.99644
iteration: 243
cost: 8192147.95684
iteration: 244
cost: 8193014.21514
iteration: 245
cost: 8192167.58728
iteration: 246
cost: 8192828.35485
iteration: 247
cost: 8191908.03575
iteration: 248
cost: 8190819.56084
iteration: 249
cost: 8190977.69193
iteration: 250
cost: 8193131.19323
iteration: 251
cost: 8193310.83683
iteration: 252
cost: 8193547.09726
iteration: 253
cost: 8193914.92906
iteration: 254
cost: 8191686.36994
iteration: 255
cost: 8189625.70767
iteration: 256
cost: 8190305.68746
iteration: 257
cost: 8191210.92221
iteration: 258
cost: 8191297.94161
iteration: 259
cost: 8193113.08419
iteration: 260
cost: 8195057.06907
iteration: 261
cost: 8194715.36793
iteration: 262
cost: 8194746.51411
iteration: 263
cost: 8195228.8327
iteration: 264
cost: 8196589.67011
iteration: 265
cost: 8197266.22736
iteration: 266
cost: 8198737.94951
iteration: 267
cost: 8198879.88678
iteration: 268
cost: 8196945.24785
iteration: 269
cost: 8196490.29738
iteration: 270
cost: 8195943.45234
iteration: 271
cost: 8195625.13513
iteration: 272
cost: 8194835.4686
iteration: 273
cost: 8194047.09478
iteration: 274
cost: 8194820.89974
iteration: 275
cost: 8195255.14344
iteration: 276
cost: 8196294.15667
iteration: 277
cost: 8195794.62733
iteration: 278
cost: 8196826.23412
iteration: 279
cost: 8197225.06638
iteration: 280
cost: 8195816.65255
iteration: 281
cost: 8194268.103
iteration: 282
cost: 8192538.78781
iteration: 283
cost: 8190843.93717
iteration: 284
cost: 8190331.10637
iteration: 285
cost: 8189955.7334
iteration: 286
cost: 8189453.80336
iteration: 287
cost: 8189916.94527
iteration: 288
cost: 8190053.3171
iteration: 289
cost: 8189706.91826
iteration: 290
cost: 8189637.11509
iteration: 291
cost: 8190574.33582
iteration: 292
cost: 8192697.33875
iteration: 293
cost: 8192776.70908
iteration: 294
cost: 8190852.1304
iteration: 295
cost: 8189167.37262
iteration: 296
cost: 8190240.37061
iteration: 297
cost: 8191836.7541
iteration: 298
cost: 8193532.37973
iteration: 299
cost: 8195442.0888
iteration: 300
cost: 8196638.71767
iteration: 301
cost: 8197112.14762
iteration: 302
cost: 8196508.30723
iteration: 303
cost: 8196700.81377
iteration: 304
cost: 8196642.67756
iteration: 305
cost: 8195500.8374
iteration: 306
cost: 8195621.54153
iteration: 307
cost: 8197401.61489
iteration: 308
cost: 8198848.43693
iteration: 309
cost: 8197693.15636
iteration: 310
cost: 8197430.39644
iteration: 311
cost: 8197755.23278
iteration: 312
cost: 8198195.12217
iteration: 313
cost: 8198386.60724
iteration: 314
cost: 8198094.39748
iteration: 315
cost: 8199435.75968
iteration: 316
cost: 8200357.81687
iteration: 317
cost: 8201577.31806
iteration: 318
cost: 8202071.38633
iteration: 319
cost: 8200811.09652
iteration: 320
cost: 8199760.50967
iteration: 321
cost: 8197876.71291
iteration: 322
cost: 8197111.70632
iteration: 323
cost: 8196872.27922
iteration: 324
cost: 8194522.3032
iteration: 325
cost: 8192281.14868
iteration: 326
cost: 8193777.96222
iteration: 327
cost: 8195085.61074
iteration: 328
cost: 8196275.73821
iteration: 329
cost: 8196335.613
iteration: 330
cost: 8196173.39948
iteration: 331
cost: 8194135.81813
iteration: 332
cost: 8193570.71684
iteration: 333
cost: 8193239.28554
iteration: 334
cost: 8193495.54817
iteration: 335
cost: 8193796.23426
iteration: 336
cost: 8196072.11181
iteration: 337
cost: 8197113.44882
iteration: 338
cost: 8195767.69935
iteration: 339
cost: 8193898.87809
iteration: 340
cost: 8193853.69861
iteration: 341
cost: 8194190.26879
iteration: 342
cost: 8194250.8732
iteration: 343
cost: 8195208.8797
iteration: 344
cost: 8194779.51284
iteration: 345
cost: 8194680.85246
iteration: 346
cost: 8194021.09171
iteration: 347
cost: 8193242.53961
iteration: 348
cost: 8193116.13069
iteration: 349
cost: 8193239.56548
iteration: 350
cost: 8192228.68579
iteration: 351
cost: 8191292.62999
iteration: 352
cost: 8192377.02404
iteration: 353
cost: 8193953.06547
iteration: 354
cost: 8192848.21774
iteration: 355
cost: 8192269.30434
iteration: 356
cost: 8191951.48325
iteration: 357
cost: 8193125.52333
iteration: 358
cost: 8194185.3724
iteration: 359
cost: 8194585.78149
iteration: 360
cost: 8197064.81272
iteration: 361
cost: 8199110.69422
iteration: 362
cost: 8197109.36145
iteration: 363
cost: 8195600.6393
iteration: 364
cost: 8194860.62568
iteration: 365
cost: 8194979.38658
iteration: 366
cost: 8193607.19012
iteration: 367
cost: 8191108.73626
iteration: 368
cost: 8188374.27665
iteration: 369
cost: 8188354.41243
iteration: 370
cost: 8188948.29809
iteration: 371
cost: 8188690.83839
iteration: 372
cost: 8186877.50235
iteration: 373
cost: 8185787.17067
iteration: 374
cost: 8185779.43293
iteration: 375
cost: 8187703.43274
iteration: 376
cost: 8190534.49754
iteration: 377
cost: 8192726.24396
iteration: 378
cost: 8191998.5714
iteration: 379
cost: 8192210.91175
iteration: 380
cost: 8192384.86467
iteration: 381
cost: 8193892.05359
iteration: 382
cost: 8192596.77057
iteration: 383
cost: 8193187.31167
iteration: 384
cost: 8194176.45142
iteration: 385
cost: 8194823.66517
iteration: 386
cost: 8194344.21524
iteration: 387
cost: 8194360.53528
iteration: 388
cost: 8194039.23002
iteration: 389
cost: 8193445.00285
iteration: 390
cost: 8194285.77256
iteration: 391
cost: 8193568.01307
iteration: 392
cost: 8192296.59278
iteration: 393
cost: 8191083.92635
iteration: 394
cost: 8190387.74913
iteration: 395
cost: 8190253.30005
iteration: 396
cost: 8189775.08144
iteration: 397
cost: 8189716.72986
iteration: 398
cost: 8192760.15603
iteration: 399
cost: 8193981.94238
iteration: 400
cost: 8194867.93161
iteration: 401
cost: 8193885.67716
iteration: 402
cost: 8193279.49281
iteration: 403
cost: 8193399.92609
iteration: 404
cost: 8193936.08782
iteration: 405
cost: 8192450.91223
iteration: 406
cost: 8192630.57832
iteration: 407
cost: 8193226.17216
iteration: 408
cost: 8194545.53075
iteration: 409
cost: 8194344.46734
iteration: 410
cost: 8195167.27401
iteration: 411
cost: 8196584.26026
iteration: 412
cost: 8196224.72095
iteration: 413
cost: 8195826.89782
iteration: 414
cost: 8195533.19934
iteration: 415
cost: 8195695.54089
iteration: 416
cost: 8195551.26917
iteration: 417
cost: 8196107.75567
iteration: 418
cost: 8198592.41989
iteration: 419
cost: 8197739.69886
iteration: 420
cost: 8196403.36897
iteration: 421
cost: 8194402.00603
iteration: 422
cost: 8192601.05288
iteration: 423
cost: 8192292.34394
iteration: 424
cost: 8193813.66219
iteration: 425
cost: 8194736.01733
iteration: 426
cost: 8194750.78053
iteration: 427
cost: 8193268.57049
iteration: 428
cost: 8192329.05789
iteration: 429
cost: 8190903.60276
iteration: 430
cost: 8193039.16486
iteration: 431
cost: 8193885.93651
iteration: 432
cost: 8193969.81256
iteration: 433
cost: 8193297.77077
iteration: 434
cost: 8192957.75664
iteration: 435
cost: 8192464.06899
iteration: 436
cost: 8193268.27566
iteration: 437
cost: 8193373.02214
iteration: 438
cost: 8193045.41611
iteration: 439
cost: 8193059.76113
iteration: 440
cost: 8194334.77075
iteration: 441
cost: 8194784.63374
iteration: 442
cost: 8195286.81354
iteration: 443
cost: 8195233.74253
iteration: 444
cost: 8195169.30267
iteration: 445
cost: 8194901.40585
iteration: 446
cost: 8195363.02298
iteration: 447
cost: 8195750.74871
iteration: 448
cost: 8197130.4477
iteration: 449
cost: 8197466.03097
iteration: 450
cost: 8196402.65459
iteration: 451
cost: 8195520.50019
iteration: 452
cost: 8195383.82875
iteration: 453
cost: 8196417.04016
iteration: 454
cost: 8196837.2998
iteration: 455
cost: 8197753.78586
iteration: 456
cost: 8198003.56684
iteration: 457
cost: 8197455.58463
iteration: 458
cost: 8197251.72855
iteration: 459
cost: 8196891.75156
iteration: 460
cost: 8198325.54189
iteration: 461
cost: 8199305.36779
iteration: 462
cost: 8199274.7092
iteration: 463
cost: 8197712.30969
iteration: 464
cost: 8198176.65252
iteration: 465
cost: 8197872.69381
iteration: 466
cost: 8197746.71728
iteration: 467
cost: 8197223.45146
iteration: 468
cost: 8196436.35134
iteration: 469
cost: 8195556.39419
iteration: 470
cost: 8195261.97575
iteration: 471
cost: 8195442.63459
iteration: 472
cost: 8194911.1236
iteration: 473
cost: 8196386.76411
iteration: 474
cost: 8196390.83442
iteration: 475
cost: 8195658.07093
iteration: 476
cost: 8193943.10606
iteration: 477
cost: 8192675.49837
iteration: 478
cost: 8192152.58388
iteration: 479
cost: 8191850.24403
iteration: 480
cost: 8191200.73129
iteration: 481
cost: 8190076.94969
iteration: 482
cost: 8188838.34354
iteration: 483
cost: 8188261.66833
iteration: 484
cost: 8188573.1399
iteration: 485
cost: 8188220.81144
iteration: 486
cost: 8188465.24761
iteration: 487
cost: 8188649.87679
iteration: 488
cost: 8188680.69906
iteration: 489
cost: 8188930.96921
iteration: 490
cost: 8191070.80072
iteration: 491
cost: 8192358.89144
iteration: 492
cost: 8192092.41168
iteration: 493
cost: 8193072.74709
iteration: 494
cost: 8193150.39031
iteration: 495
cost: 8193937.09702
iteration: 496
cost: 8194630.34124
iteration: 497
cost: 8195232.58507
iteration: 498
cost: 8195035.68794
iteration: 499
cost: 8195702.73408
iteration: 500
cost: 8196603.15907
iteration: 501
cost: 8197136.9625
iteration: 502
cost: 8196183.84965
iteration: 503
cost: 8196113.82436
iteration: 504
cost: 8196056.97019
iteration: 505
cost: 8196859.06219
iteration: 506
cost: 8197122.46041
iteration: 507
cost: 8197828.76937
iteration: 508
cost: 8196596.07737
iteration: 509
cost: 8195060.49537
iteration: 510
cost: 8194352.98703
iteration: 511
cost: 8193832.43567
iteration: 512
cost: 8192304.62929
iteration: 513
cost: 8191148.62859
iteration: 514
cost: 8191145.57321
iteration: 515
cost: 8191322.33565
iteration: 516
cost: 8192343.30811
iteration: 517
cost: 8192842.65092
iteration: 518
cost: 8194106.72717
iteration: 519
cost: 8194763.80843
iteration: 520
cost: 8194872.73384
iteration: 521
cost: 8196235.22673
iteration: 522
cost: 8197162.91356
iteration: 523
cost: 8198073.85466
iteration: 524
cost: 8197933.58134
iteration: 525
cost: 8195958.43332
iteration: 526
cost: 8195188.45128
iteration: 527
cost: 8195501.48579
iteration: 528
cost: 8196003.02107
iteration: 529
cost: 8195141.503
iteration: 530
cost: 8194250.77359
iteration: 531
cost: 8193075.75786
iteration: 532
cost: 8192451.1694
iteration: 533
cost: 8193068.83844
iteration: 534
cost: 8193746.78798
iteration: 535
cost: 8194465.52552
iteration: 536
cost: 8195135.71737
iteration: 537
cost: 8196563.96499
iteration: 538
cost: 8197383.17708
iteration: 539
cost: 8197508.20719
iteration: 540
cost: 8196953.92291
iteration: 541
cost: 8196549.02592
iteration: 542
cost: 8196125.55446
iteration: 543
cost: 8197372.32188
iteration: 544
cost: 8196652.1584
iteration: 545
cost: 8195325.445
iteration: 546
cost: 8194134.9148
iteration: 547
cost: 8193296.25338
iteration: 548
cost: 8191535.23897
iteration: 549
cost: 8191539.59957
iteration: 550
cost: 8192431.81057
iteration: 551
cost: 8192477.3113
iteration: 552
cost: 8191699.61268
iteration: 553
cost: 8192715.81932
iteration: 554
cost: 8192602.54018
iteration: 555
cost: 8193236.79626
iteration: 556
cost: 8192123.10101
iteration: 557
cost: 8190317.72589
iteration: 558
cost: 8189240.16131
iteration: 559
cost: 8189153.11313
iteration: 560
cost: 8189610.39086
iteration: 561
cost: 8190066.88562
iteration: 562
cost: 8190882.95944
iteration: 563
cost: 8191673.0284
iteration: 564
cost: 8192462.38444
iteration: 565
cost: 8193534.92056
iteration: 566
cost: 8194597.5611
iteration: 567
cost: 8195640.65326
iteration: 568
cost: 8194421.89183
iteration: 569
cost: 8193149.72087
iteration: 570
cost: 8194432.68105
iteration: 571
cost: 8195683.28583
iteration: 572
cost: 8197016.89856
iteration: 573
cost: 8196244.44815
iteration: 574
cost: 8195741.30942
iteration: 575
cost: 8195552.51176
iteration: 576
cost: 8194337.7392
iteration: 577
cost: 8194681.91916
iteration: 578
cost: 8196244.7776
iteration: 579
cost: 8197975.86448
iteration: 580
cost: 8197866.13043
iteration: 581
cost: 8198144.10847
iteration: 582
cost: 8199577.92089
iteration: 583
cost: 8198652.60124
iteration: 584
cost: 8197077.18071
iteration: 585
cost: 8195884.7539
iteration: 586
cost: 8196938.452
iteration: 587
cost: 8197716.11689
iteration: 588
cost: 8199371.32682
iteration: 589
cost: 8199392.72461
iteration: 590
cost: 8198080.35802
iteration: 591
cost: 8197586.39985
iteration: 592
cost: 8196990.46951
iteration: 593
cost: 8195126.27052
iteration: 594
cost: 8191348.51171
iteration: 595
cost: 8187407.91108
iteration: 596
cost: 8189010.17307
iteration: 597
cost: 8189195.16446
iteration: 598
cost: 8188827.98319
iteration: 599
cost: 8186978.56402
iteration: 600
cost: 8190000.16172
iteration: 601
cost: 8190286.07005
iteration: 602
cost: 8190628.23832
iteration: 603
cost: 8191085.35065
iteration: 604
cost: 8191137.47411
iteration: 605
cost: 8192051.48597
iteration: 606
cost: 8192891.22487
iteration: 607
cost: 8193143.38004
iteration: 608
cost: 8193356.82919
iteration: 609
cost: 8192890.76264
iteration: 610
cost: 8192453.33235
iteration: 611
cost: 8193456.66887
iteration: 612
cost: 8193921.17026
iteration: 613
cost: 8191218.00436
iteration: 614
cost: 8188874.3956
iteration: 615
cost: 8190100.24733
iteration: 616
cost: 8191582.29355
iteration: 617
cost: 8192489.5239
iteration: 618
cost: 8193628.29768
iteration: 619
cost: 8193320.54939
iteration: 620
cost: 8192219.05143
iteration: 621
cost: 8191382.60366
iteration: 622
cost: 8191326.93317
iteration: 623
cost: 8190985.49828
iteration: 624
cost: 8192136.75968
iteration: 625
cost: 8191492.52346
iteration: 626
cost: 8191279.73286
iteration: 627
cost: 8191905.55993
iteration: 628
cost: 8192514.34999
iteration: 629
cost: 8191440.29972
iteration: 630
cost: 8192402.2461
iteration: 631
cost: 8193693.0905
iteration: 632
cost: 8194417.40464
iteration: 633
cost: 8194906.02023
iteration: 634
cost: 8194756.5386
iteration: 635
cost: 8195313.74424
iteration: 636
cost: 8196115.06383
iteration: 637
cost: 8195676.81991
iteration: 638
cost: 8195646.91542
iteration: 639
cost: 8195835.35353
iteration: 640
cost: 8195258.44675
iteration: 641
cost: 8194766.78427
iteration: 642
cost: 8195219.2145
iteration: 643
cost: 8194692.29488
iteration: 644
cost: 8194898.00844
iteration: 645
cost: 8195392.40783
iteration: 646
cost: 8194438.45968
iteration: 647
cost: 8193574.86906
iteration: 648
cost: 8193559.32862
iteration: 649
cost: 8192954.65261
iteration: 650
cost: 8193236.20683
iteration: 651
cost: 8192662.98248
iteration: 652
cost: 8192207.86442
iteration: 653
cost: 8191522.16501
iteration: 654
cost: 8190556.85421
iteration: 655
cost: 8189571.52991
iteration: 656
cost: 8188917.72683
iteration: 657
cost: 8189099.12759
iteration: 658
cost: 8189653.011
iteration: 659
cost: 8190192.70466
iteration: 660
cost: 8189086.44548
iteration: 661
cost: 8187430.70782
iteration: 662
cost: 8186430.60572
iteration: 663
cost: 8185780.37822
iteration: 664
cost: 8185844.02131
iteration: 665
cost: 8186885.11973
iteration: 666
cost: 8187721.77869
iteration: 667
cost: 8189557.63608
iteration: 668
cost: 8192050.19129
iteration: 669
cost: 8193294.6305
iteration: 670
cost: 8192612.48076
iteration: 671
cost: 8193153.56904
iteration: 672
cost: 8194264.55843
iteration: 673
cost: 8195891.92438
iteration: 674
cost: 8198183.90112
iteration: 675
cost: 8198542.37716
iteration: 676
cost: 8198737.42494
iteration: 677
cost: 8197704.01096
iteration: 678
cost: 8196998.02433
iteration: 679
cost: 8195448.16955
iteration: 680
cost: 8194523.44592
iteration: 681
cost: 8193354.9192
iteration: 682
cost: 8193477.07892
iteration: 683
cost: 8193530.85004
iteration: 684
cost: 8192824.80367
iteration: 685
cost: 8191922.65907
iteration: 686
cost: 8189400.22307
iteration: 687
cost: 8188444.38903
iteration: 688
cost: 8189482.71518
iteration: 689
cost: 8189951.11552
iteration: 690
cost: 8190592.6981
iteration: 691
cost: 8191356.84359
iteration: 692
cost: 8193274.9578
iteration: 693
cost: 8194403.04215
iteration: 694
cost: 8194957.83524
iteration: 695
cost: 8194269.22755
iteration: 696
cost: 8194371.11402
iteration: 697
cost: 8193943.17492
iteration: 698
cost: 8194070.66063
iteration: 699
cost: 8194395.49163
iteration: 700
cost: 8194506.76422
iteration: 701
cost: 8193570.42476
iteration: 702
cost: 8194645.05918
iteration: 703
cost: 8190150.75437
iteration: 704
cost: 8189129.24854
iteration: 705
cost: 8188676.51857
iteration: 706
cost: 8188824.34424
iteration: 707
cost: 8190672.70128
iteration: 708
cost: 8191690.20674
iteration: 709
cost: 8190569.73939
iteration: 710
cost: 8189881.92444
iteration: 711
cost: 8188591.07127
iteration: 712
cost: 8189397.19614
iteration: 713
cost: 8189370.95282
iteration: 714
cost: 8189899.08081
iteration: 715
cost: 8190702.31101
iteration: 716
cost: 8191178.04105
iteration: 717
cost: 8191198.54984
iteration: 718
cost: 8191669.47634
iteration: 719
cost: 8192211.80367
iteration: 720
cost: 8191754.14884
iteration: 721
cost: 8190781.6104
iteration: 722
cost: 8189920.47964
iteration: 723
cost: 8189452.40599
iteration: 724
cost: 8189122.84509
iteration: 725
cost: 8189198.04045
iteration: 726
cost: 8189628.71166
iteration: 727
cost: 8189556.75883
iteration: 728
cost: 8190860.1519
iteration: 729
cost: 8192941.47724
iteration: 730
cost: 8191303.39946
iteration: 731
cost: 8189969.16661
iteration: 732
cost: 8188511.38163
iteration: 733
cost: 8188805.17113
iteration: 734
cost: 8189509.94261
iteration: 735
cost: 8188829.28193
iteration: 736
cost: 8187794.71218
iteration: 737
cost: 8189176.34848
iteration: 738
cost: 8190973.17769
iteration: 739
cost: 8192247.37702
iteration: 740
cost: 8193058.99067
iteration: 741
cost: 8192092.00778
iteration: 742
cost: 8192045.62218
iteration: 743
cost: 8190910.80726
iteration: 744
cost: 8190079.80469
iteration: 745
cost: 8191195.27751
iteration: 746
cost: 8192849.4386
iteration: 747
cost: 8194158.9952
iteration: 748
cost: 8195065.15888
iteration: 749
cost: 8195066.52392
iteration: 750
cost: 8194828.81145
iteration: 751
cost: 8194993.6334
iteration: 752
cost: 8196062.93868
iteration: 753
cost: 8195918.25205
iteration: 754
cost: 8196213.20009
iteration: 755
cost: 8197356.68876
iteration: 756
cost: 8197489.98026
iteration: 757
cost: 8197659.04787
iteration: 758
cost: 8197497.3891
iteration: 759
cost: 8197515.36543
iteration: 760
cost: 8196112.78037
iteration: 761
cost: 8195014.3152
iteration: 762
cost: 8193548.6214
iteration: 763
cost: 8192258.50028
iteration: 764
cost: 8192259.48307
iteration: 765
cost: 8192831.59804
iteration: 766
cost: 8193716.00749
iteration: 767
cost: 8194077.7822
iteration: 768
cost: 8194429.67739
iteration: 769
cost: 8195596.4107
iteration: 770
cost: 8195311.85434
iteration: 771
cost: 8195463.4803
iteration: 772
cost: 8193924.33137
iteration: 773
cost: 8193767.38442
iteration: 774
cost: 8193393.60957
iteration: 775
cost: 8193464.22932
iteration: 776
cost: 8195682.7386
iteration: 777
cost: 8196596.07902
iteration: 778
cost: 8196627.21604
iteration: 779
cost: 8197686.78223
iteration: 780
cost: 8196179.09368
iteration: 781
cost: 8196223.83077
iteration: 782
cost: 8196089.01682
iteration: 783
cost: 8195587.53024
iteration: 784
cost: 8195682.47285
iteration: 785
cost: 8195230.52304
iteration: 786
cost: 8195943.95612
iteration: 787
cost: 8195901.34511
iteration: 788
cost: 8196172.67984
iteration: 789
cost: 8195960.16525
iteration: 790
cost: 8195832.17183
iteration: 791
cost: 8196475.77332
iteration: 792
cost: 8196771.91402
iteration: 793
cost: 8195075.41055
iteration: 794
cost: 8193877.6642
iteration: 795
cost: 8192573.99016
iteration: 796
cost: 8190882.9197
iteration: 797
cost: 8189876.05497
iteration: 798
cost: 8189164.93985
iteration: 799
cost: 8189660.19983
iteration: 800
cost: 8190215.76134
iteration: 801
cost: 8191049.45655
iteration: 802
cost: 8191085.9412
iteration: 803
cost: 8191895.29127
iteration: 804
cost: 8191955.88801
iteration: 805
cost: 8191672.31172
iteration: 806
cost: 8191764.76662
iteration: 807
cost: 8190435.20901
iteration: 808
cost: 8191052.284
iteration: 809
cost: 8190889.21573
iteration: 810
cost: 8190512.92162
iteration: 811
cost: 8191793.33843
iteration: 812
cost: 8192347.22083
iteration: 813
cost: 8193159.58262
iteration: 814
cost: 8193440.46925
iteration: 815
cost: 8193077.4712
iteration: 816
cost: 8193436.91258
iteration: 817
cost: 8194073.12039
iteration: 818
cost: 8194406.59619
iteration: 819
cost: 8192527.80794
iteration: 820
cost: 8190322.69729
iteration: 821
cost: 8191503.16475
iteration: 822
cost: 8192931.40944
iteration: 823
cost: 8193117.5921
iteration: 824
cost: 8193443.1591
iteration: 825
cost: 8193272.0253
iteration: 826
cost: 8193431.77041
iteration: 827
cost: 8191529.82491
iteration: 828
cost: 8189903.8115
iteration: 829
cost: 8189503.51715
iteration: 830
cost: 8189312.22109
iteration: 831
cost: 8188049.9589
iteration: 832
cost: 8188411.94509
iteration: 833
cost: 8188635.78356
iteration: 834
cost: 8188784.35393
iteration: 835
cost: 8189798.70689
iteration: 836
cost: 8190984.36886
iteration: 837
cost: 8192390.46697
iteration: 838
cost: 8193263.99979
iteration: 839
cost: 8193269.13544
iteration: 840
cost: 8193074.54256
iteration: 841
cost: 8192356.53058
iteration: 842
cost: 8191847.5498
iteration: 843
cost: 8191892.74026
iteration: 844
cost: 8192601.82105
iteration: 845
cost: 8191875.66916
iteration: 846
cost: 8192518.70056
iteration: 847
cost: 8191697.22377
iteration: 848
cost: 8190701.80675
iteration: 849
cost: 8190817.51727
iteration: 850
cost: 8192676.72532
iteration: 851
cost: 8192830.46454
iteration: 852
cost: 8193058.08327
iteration: 853
cost: 8193388.92638
iteration: 854
cost: 8191426.69655
iteration: 855
cost: 8189600.57488
iteration: 856
cost: 8190205.65158
iteration: 857
cost: 8191047.58804
iteration: 858
cost: 8191056.74617
iteration: 859
cost: 8192588.34663
iteration: 860
cost: 8194320.71459
iteration: 861
cost: 8194056.82896
iteration: 862
cost: 8194112.53762
iteration: 863
cost: 8194592.75198
iteration: 864
cost: 8195865.35753
iteration: 865
cost: 8196396.26709
iteration: 866
cost: 8197647.43909
iteration: 867
cost: 8197825.82749
iteration: 868
cost: 8196148.00975
iteration: 869
cost: 8195824.80153
iteration: 870
cost: 8195266.31707
iteration: 871
cost: 8194958.84332
iteration: 872
cost: 8194270.89133
iteration: 873
cost: 8193550.29995
iteration: 874
cost: 8194258.8732
iteration: 875
cost: 8194654.8424
iteration: 876
cost: 8195525.12742
iteration: 877
cost: 8195072.80117
iteration: 878
cost: 8195943.61329
iteration: 879
cost: 8196252.56186
iteration: 880
cost: 8195057.2995
iteration: 881
cost: 8193676.48513
iteration: 882
cost: 8192172.58921
iteration: 883
cost: 8190677.19739
iteration: 884
cost: 8190218.76463
iteration: 885
cost: 8189960.40383
iteration: 886
cost: 8189560.26528
iteration: 887
cost: 8189954.42412
iteration: 888
cost: 8190079.10473
iteration: 889
cost: 8189700.52265
iteration: 890
cost: 8189631.8764
iteration: 891
cost: 8190402.91946
iteration: 892
cost: 8192325.25479
iteration: 893
cost: 8192348.33623
iteration: 894
cost: 8190686.73906
iteration: 895
cost: 8189215.74842
iteration: 896
cost: 8190161.33351
iteration: 897
cost: 8191505.96853
iteration: 898
cost: 8193066.60208
iteration: 899
cost: 8194720.36063
iteration: 900
cost: 8195695.42005
iteration: 901
cost: 8196124.59086
iteration: 902
cost: 8195525.06753
iteration: 903
cost: 8195733.9678
iteration: 904
cost: 8195730.5439
iteration: 905
cost: 8194750.53687
iteration: 906
cost: 8194849.72344
iteration: 907
cost: 8196343.11357
iteration: 908
cost: 8197584.41529
iteration: 909
cost: 8196612.17036
iteration: 910
cost: 8196408.23427
iteration: 911
cost: 8196717.81343
iteration: 912
cost: 8197081.41283
iteration: 913
cost: 8197230.14506
iteration: 914
cost: 8196935.64564
iteration: 915
cost: 8198167.68
iteration: 916
cost: 8198986.79707
iteration: 917
cost: 8200092.89053
iteration: 918
cost: 8200544.41855
iteration: 919
cost: 8199411.37599
iteration: 920
cost: 8198471.41692
iteration: 921
cost: 8196811.70441
iteration: 922
cost: 8196146.81673
iteration: 923
cost: 8195957.52311
iteration: 924
cost: 8193866.07137
iteration: 925
cost: 8191826.01578
iteration: 926
cost: 8193173.59969
iteration: 927
cost: 8194391.39517
iteration: 928
cost: 8195436.70927
iteration: 929
cost: 8195484.55596
iteration: 930
cost: 8195396.6232
iteration: 931
cost: 8193577.71592
iteration: 932
cost: 8193029.23674
iteration: 933
cost: 8192782.84927
iteration: 934
cost: 8192959.43817
iteration: 935
cost: 8193162.60397
iteration: 936
cost: 8195160.91455
iteration: 937
cost: 8196052.50873
iteration: 938
cost: 8194895.81437
iteration: 939
cost: 8193298.06497
iteration: 940
cost: 8193254.93389
iteration: 941
cost: 8193541.45224
iteration: 942
cost: 8193593.49813
iteration: 943
cost: 8194472.58459
iteration: 944
cost: 8194188.93373
iteration: 945
cost: 8194160.6717
iteration: 946
cost: 8193617.61847
iteration: 947
cost: 8192847.20937
iteration: 948
cost: 8192697.28659
iteration: 949
cost: 8192854.50141
iteration: 950
cost: 8191935.56733
iteration: 951
cost: 8191100.76381
iteration: 952
cost: 8192054.45978
iteration: 953
cost: 8193402.38029
iteration: 954
cost: 8192359.963
iteration: 955
cost: 8191877.13231
iteration: 956
cost: 8191513.56499
iteration: 957
cost: 8192562.57531
iteration: 958
cost: 8193577.65541
iteration: 959
cost: 8193916.76017
iteration: 960
cost: 8196062.67486
iteration: 961
cost: 8197818.78591
iteration: 962
cost: 8196073.93072
iteration: 963
cost: 8194808.801
iteration: 964
cost: 8194190.02331
iteration: 965
cost: 8194312.30187
iteration: 966
cost: 8193099.04364
iteration: 967
cost: 8190928.01644
iteration: 968
cost: 8188531.38237
iteration: 969
cost: 8188529.62555
iteration: 970
cost: 8189058.23275
iteration: 971
cost: 8188833.80045
iteration: 972
cost: 8187175.31994
iteration: 973
cost: 8186217.36684
iteration: 974
cost: 8186239.0463
iteration: 975
cost: 8187960.35745
iteration: 976
cost: 8190429.18347
iteration: 977
cost: 8192298.39226
iteration: 978
cost: 8191666.23731
iteration: 979
cost: 8191873.559
iteration: 980
cost: 8192005.97831
iteration: 981
cost: 8193301.89859
iteration: 982
cost: 8192179.791
iteration: 983
cost: 8192711.72771
iteration: 984
cost: 8193579.42358
iteration: 985
cost: 8194121.94067
iteration: 986
cost: 8193704.65547
iteration: 987
cost: 8193781.52368
iteration: 988
cost: 8193486.7106
iteration: 989
cost: 8192962.92999
iteration: 990
cost: 8193689.49623
iteration: 991
cost: 8193020.53901
iteration: 992
cost: 8191896.94802
iteration: 993
cost: 8190844.94445
iteration: 994
cost: 8190255.1559
iteration: 995
cost: 8190171.77765
iteration: 996
cost: 8189777.95888
iteration: 997
cost: 8189791.86639
iteration: 998
cost: 8192393.53608
iteration: 999
cost: 8193416.26416
iteration: 1000
0.1135
good
